<?xml version="1.0" encoding="UTF-8"?>
<testsuite xmlns:xsi="http://www.w3.org/2001/XMLSchema-instance" xsi:noNamespaceSchemaLocation="https://maven.apache.org/surefire/maven-surefire-plugin/xsd/surefire-test-report.xsd" name="edu.berkeley.cs186.database.recovery.TestARIESStudentRunner" time="2.445" tests="4" errors="0" skipped="0" failures="0">
  <properties>
[...]
</properties>
  <testcase name="testStudentAnalysis" classname="edu.berkeley.cs186.database.recovery.TestARIESStudentRunner" time="0.579"/>
  <testcase name="testStudentIntegration" classname="edu.berkeley.cs186.database.recovery.TestARIESStudentRunner" time="0.592"/>
  <testcase name="testStudentRedo" classname="edu.berkeley.cs186.database.recovery.TestARIESStudentRunner" time="0.571"/>
  <testcase name="testStudentUndo" classname="edu.berkeley.cs186.database.recovery.TestARIESStudentRunner" time="0.7"/>
</testsuite>