-------------------------------------------------------------------------------
Test set: edu.berkeley.cs186.database.TestDatabaseLocking
-------------------------------------------------------------------------------
Tests run: 24, Failures: 0, Errors: 2, Skipped: 0, Time elapsed: 42.778 s <<< FAILURE! - in edu.berkeley.cs186.database.TestDatabaseLocking
testQueryWithIndex(edu.berkeley.cs186.database.TestDatabaseLocking)  Time elapsed: 7.174 s  <<< ERROR!
org.junit.runners.model.TestTimedOutException: test timed out after 7000 milliseconds
	at sun.nio.ch.FileDispatcherImpl.force0(Native Method)
	at sun.nio.ch.FileDispatcherImpl.force(FileDispatcherImpl.java:80)
	at sun.nio.ch.FileChannelImpl.force(FileChannelImpl.java:388)
	at edu.berkeley.cs186.database.io.DiskSpaceManagerImpl$PartInfo.writePage(DiskSpaceManagerImpl.java:296)
	at edu.berkeley.cs186.database.io.DiskSpaceManagerImpl$PartInfo.access$500(DiskSpaceManagerImpl.java:69)
	at edu.berkeley.cs186.database.io.DiskSpaceManagerImpl.writePage(DiskSpaceManagerImpl.java:596)
	at edu.berkeley.cs186.database.memory.BufferManagerImpl$Frame.flush(BufferManagerImpl.java:175)
	at edu.berkeley.cs186.database.memory.BufferManagerImpl$Frame.invalidate(BufferManagerImpl.java:123)
	at edu.berkeley.cs186.database.memory.BufferManagerImpl$Frame.access$600(BufferManagerImpl.java:52)
	at edu.berkeley.cs186.database.memory.BufferManagerImpl.evict(BufferManagerImpl.java:514)
	at edu.berkeley.cs186.database.memory.BufferManagerImpl.evictAll(BufferManagerImpl.java:524)
	at edu.berkeley.cs186.database.Database.close(Database.java:461)
	at edu.berkeley.cs186.database.TestDatabaseLocking.afterEach(TestDatabaseLocking.java:97)
	at sun.reflect.NativeMethodAccessorImpl.invoke0(Native Method)
	at sun.reflect.NativeMethodAccessorImpl.invoke(NativeMethodAccessorImpl.java:62)
	at sun.reflect.DelegatingMethodAccessorImpl.invoke(DelegatingMethodAccessorImpl.java:43)
	at java.lang.reflect.Method.invoke(Method.java:498)
	at org.junit.runners.model.FrameworkMethod$1.runReflectiveCall(FrameworkMethod.java:50)
	at org.junit.internal.runners.model.ReflectiveCallable.run(ReflectiveCallable.java:12)
	at org.junit.runners.model.FrameworkMethod.invokeExplosively(FrameworkMethod.java:47)
	at org.junit.internal.runners.statements.RunAfters.evaluate(RunAfters.java:33)
	at org.junit.internal.runners.statements.FailOnTimeout$CallableStatement.call(FailOnTimeout.java:298)
	at org.junit.internal.runners.statements.FailOnTimeout$CallableStatement.call(FailOnTimeout.java:292)
	at java.util.concurrent.FutureTask.run(FutureTask.java:266)
	at java.lang.Thread.run(Thread.java:748)

testAutoEscalateSIX(edu.berkeley.cs186.database.TestDatabaseLocking)  Time elapsed: 7.005 s  <<< ERROR!
org.junit.runners.model.TestTimedOutException: test timed out after 7000 milliseconds
	at sun.misc.Unsafe.park(Native Method)
	at java.util.concurrent.locks.LockSupport.park(LockSupport.java:175)
	at java.util.concurrent.Phaser$QNode.block(Phaser.java:1140)
	at java.util.concurrent.ForkJoinPool.managedBlock(ForkJoinPool.java:3323)
	at java.util.concurrent.Phaser.internalAwaitAdvance(Phaser.java:1067)
	at java.util.concurrent.Phaser.awaitAdvance(Phaser.java:730)
	at edu.berkeley.cs186.database.Database.waitAllTransactions(Database.java:442)
	at edu.berkeley.cs186.database.Database.close(Database.java:456)
	at edu.berkeley.cs186.database.TestDatabaseLocking.afterEach(TestDatabaseLocking.java:97)
	at sun.reflect.GeneratedMethodAccessor2.invoke(Unknown Source)
	at sun.reflect.DelegatingMethodAccessorImpl.invoke(DelegatingMethodAccessorImpl.java:43)
	at java.lang.reflect.Method.invoke(Method.java:498)
	at org.junit.runners.model.FrameworkMethod$1.runReflectiveCall(FrameworkMethod.java:50)
	at org.junit.internal.runners.model.ReflectiveCallable.run(ReflectiveCallable.java:12)
	at org.junit.runners.model.FrameworkMethod.invokeExplosively(FrameworkMethod.java:47)
	at org.junit.internal.runners.statements.RunAfters.evaluate(RunAfters.java:33)
	at org.junit.internal.runners.statements.FailOnTimeout$CallableStatement.call(FailOnTimeout.java:298)
	at org.junit.internal.runners.statements.FailOnTimeout$CallableStatement.call(FailOnTimeout.java:292)
	at java.util.concurrent.FutureTask.run(FutureTask.java:266)
	at java.lang.Thread.run(Thread.java:748)

