<?xml version="1.0" encoding="UTF-8"?>
<testsuite xmlns:xsi="http://www.w3.org/2001/XMLSchema-instance" xsi:noNamespaceSchemaLocation="https://maven.apache.org/surefire/maven-surefire-plugin/xsd/surefire-test-report.xsd" name="edu.berkeley.cs186.database.TestDatabaseLocking" time="42.778" tests="24" errors="2" skipped="0" failures="0">
  <properties>
[...]
</properties>
  <testcase name="testRecordDelete" classname="edu.berkeley.cs186.database.TestDatabaseLocking" time="0.868"/>
  <testcase name="testTableMetadataLockOnUse" classname="edu.berkeley.cs186.database.TestDatabaseLocking" time="0.344"/>
  <testcase name="testRecordUpdate" classname="edu.berkeley.cs186.database.TestDatabaseLocking" time="0.926"/>
  <testcase name="testTableScan" classname="edu.berkeley.cs186.database.TestDatabaseLocking" time="0.734"/>
  <testcase name="testCreateTableSimple" classname="edu.berkeley.cs186.database.TestDatabaseLocking" time="0.776"/>
  <testcase name="testLockIndexMetadata" classname="edu.berkeley.cs186.database.TestDatabaseLocking" time="2.973"/>
  <testcase name="testSimpleTransactionCleanup" classname="edu.berkeley.cs186.database.TestDatabaseLocking" time="0.792"/>
  <testcase name="testSearchOperationLocking" classname="edu.berkeley.cs186.database.TestDatabaseLocking" time="1.512"/>
  <testcase name="testBPlusTreeRestrict" classname="edu.berkeley.cs186.database.TestDatabaseLocking" time="0.499"/>
  <testcase name="testDropAllTables" classname="edu.berkeley.cs186.database.TestDatabaseLocking" time="0.245"/>
  <testcase name="testDropTableSimple" classname="edu.berkeley.cs186.database.TestDatabaseLocking" time="0.345"/>
  <testcase name="testQueryWithIndex" classname="edu.berkeley.cs186.database.TestDatabaseLocking" time="7.174">
    <error message="test timed out after 7000 milliseconds" type="org.junit.runners.model.TestTimedOutException">org.junit.runners.model.TestTimedOutException: test timed out after 7000 milliseconds
	at sun.nio.ch.FileDispatcherImpl.force0(Native Method)
	at sun.nio.ch.FileDispatcherImpl.force(FileDispatcherImpl.java:80)
	at sun.nio.ch.FileChannelImpl.force(FileChannelImpl.java:388)
	at edu.berkeley.cs186.database.io.DiskSpaceManagerImpl$PartInfo.writePage(DiskSpaceManagerImpl.java:296)
	at edu.berkeley.cs186.database.io.DiskSpaceManagerImpl$PartInfo.access$500(DiskSpaceManagerImpl.java:69)
	at edu.berkeley.cs186.database.io.DiskSpaceManagerImpl.writePage(DiskSpaceManagerImpl.java:596)
	at edu.berkeley.cs186.database.memory.BufferManagerImpl$Frame.flush(BufferManagerImpl.java:175)
	at edu.berkeley.cs186.database.memory.BufferManagerImpl$Frame.invalidate(BufferManagerImpl.java:123)
	at edu.berkeley.cs186.database.memory.BufferManagerImpl$Frame.access$600(BufferManagerImpl.java:52)
	at edu.berkeley.cs186.database.memory.BufferManagerImpl.evict(BufferManagerImpl.java:514)
	at edu.berkeley.cs186.database.memory.BufferManagerImpl.evictAll(BufferManagerImpl.java:524)
	at edu.berkeley.cs186.database.Database.close(Database.java:461)
	at edu.berkeley.cs186.database.TestDatabaseLocking.afterEach(TestDatabaseLocking.java:97)
	at sun.reflect.NativeMethodAccessorImpl.invoke0(Native Method)
	at sun.reflect.NativeMethodAccessorImpl.invoke(NativeMethodAccessorImpl.java:62)
	at sun.reflect.DelegatingMethodAccessorImpl.invoke(DelegatingMethodAccessorImpl.java:43)
	at java.lang.reflect.Method.invoke(Method.java:498)
	at org.junit.runners.model.FrameworkMethod$1.runReflectiveCall(FrameworkMethod.java:50)
	at org.junit.internal.runners.model.ReflectiveCallable.run(ReflectiveCallable.java:12)
	at org.junit.runners.model.FrameworkMethod.invokeExplosively(FrameworkMethod.java:47)
	at org.junit.internal.runners.statements.RunAfters.evaluate(RunAfters.java:33)
	at org.junit.internal.runners.statements.FailOnTimeout$CallableStatement.call(FailOnTimeout.java:298)
	at org.junit.internal.runners.statements.FailOnTimeout$CallableStatement.call(FailOnTimeout.java:292)
	at java.util.concurrent.FutureTask.run(FutureTask.java:266)
	at java.lang.Thread.run(Thread.java:748)
</error>
  </testcase>
  <testcase name="testCreateIndexSimple" classname="edu.berkeley.cs186.database.TestDatabaseLocking" time="3.251"/>
  <testcase name="testSortedScanLocking" classname="edu.berkeley.cs186.database.TestDatabaseLocking" time="1.512"/>
  <testcase name="testRecordRead" classname="edu.berkeley.cs186.database.TestDatabaseLocking" time="0.953"/>
  <testcase name="testLockTableMetadata" classname="edu.berkeley.cs186.database.TestDatabaseLocking" time="0.787"/>
  <testcase name="testDropIndexSimple" classname="edu.berkeley.cs186.database.TestDatabaseLocking" time="2.812"/>
  <testcase name="testRecordWrite" classname="edu.berkeley.cs186.database.TestDatabaseLocking" time="1.158"/>
  <testcase name="testSortedScanNoIndexLocking" classname="edu.berkeley.cs186.database.TestDatabaseLocking" time="0.717"/>
  <testcase name="testAutoEscalateSIX" classname="edu.berkeley.cs186.database.TestDatabaseLocking" time="7.005">
    <error message="test timed out after 7000 milliseconds" type="org.junit.runners.model.TestTimedOutException">org.junit.runners.model.TestTimedOutException: test timed out after 7000 milliseconds
	at sun.misc.Unsafe.park(Native Method)
	at java.util.concurrent.locks.LockSupport.park(LockSupport.java:175)
	at java.util.concurrent.Phaser$QNode.block(Phaser.java:1140)
	at java.util.concurrent.ForkJoinPool.managedBlock(ForkJoinPool.java:3323)
	at java.util.concurrent.Phaser.internalAwaitAdvance(Phaser.java:1067)
	at java.util.concurrent.Phaser.awaitAdvance(Phaser.java:730)
	at edu.berkeley.cs186.database.Database.waitAllTransactions(Database.java:442)
	at edu.berkeley.cs186.database.Database.close(Database.java:456)
	at edu.berkeley.cs186.database.TestDatabaseLocking.afterEach(TestDatabaseLocking.java:97)
	at sun.reflect.GeneratedMethodAccessor2.invoke(Unknown Source)
	at sun.reflect.DelegatingMethodAccessorImpl.invoke(DelegatingMethodAccessorImpl.java:43)
	at java.lang.reflect.Method.invoke(Method.java:498)
	at org.junit.runners.model.FrameworkMethod$1.runReflectiveCall(FrameworkMethod.java:50)
	at org.junit.internal.runners.model.ReflectiveCallable.run(ReflectiveCallable.java:12)
	at org.junit.runners.model.FrameworkMethod.invokeExplosively(FrameworkMethod.java:47)
	at org.junit.internal.runners.statements.RunAfters.evaluate(RunAfters.java:33)
	at org.junit.internal.runners.statements.FailOnTimeout$CallableStatement.call(FailOnTimeout.java:298)
	at org.junit.internal.runners.statements.FailOnTimeout$CallableStatement.call(FailOnTimeout.java:292)
	at java.util.concurrent.FutureTask.run(FutureTask.java:266)
	at java.lang.Thread.run(Thread.java:748)
</error>
  </testcase>
  <testcase name="testAutoEscalateDisabled" classname="edu.berkeley.cs186.database.TestDatabaseLocking" time="2.1"/>
  <testcase name="testPageDirectoryCapacityLoad" classname="edu.berkeley.cs186.database.TestDatabaseLocking" time="0.4"/>
  <testcase name="testAutoEscalateS" classname="edu.berkeley.cs186.database.TestDatabaseLocking" time="2.198"/>
  <testcase name="testAutoEscalateX" classname="edu.berkeley.cs186.database.TestDatabaseLocking" time="2.69"/>
</testsuite>